This file contains any messages produced by compilers while
running configure, to aid debugging if configure makes a mistake.

configure:556: checking for a BSD compatible install
configure:609: checking whether build environment is sane
configure:666: checking whether make sets ${MAKE}
configure:712: checking for working aclocal
configure:725: checking for working autoconf
configure:738: checking for working automake
configure:751: checking for working autoheader
configure:764: checking for working makeinfo
configure:790: checking host system type
configure:813: checking for gcc
configure:926: checking whether the C compiler (gcc  ) works
configure:942: gcc -o conftest    conftest.c  1>&5
configure:939:1: warning: return type defaults to 'int' [-Wimplicit-int]
  939 | main(){return(0);}
      | ^~~~
configure:968: checking whether the C compiler (gcc  ) is a cross-compiler
configure:973: checking whether we are using GNU C
configure:982: gcc -E conftest.c
configure:1001: checking whether gcc accepts -g
configure:1055: checking for a BSD compatible install
configure:1110: checking for ranlib
configure:1138: checking how to run the C preprocessor
configure:1159: gcc -E  conftest.c >/dev/null 2>conftest.out
configure:1218: checking for ANSI C header files
configure:1231: gcc -E  conftest.c >/dev/null 2>conftest.out
configure:1298: gcc -o conftest -g -O2   conftest.c  1>&5
configure: In function 'main':
configure:1293:67: warning: implicit declaration of function 'exit' [-Wimplicit-function-declaration]
 1293 | if (XOR (islower (i), ISLOWER (i)) || toupper (i) != TOUPPER (i)) exit(2);
      |                                                                   ^~~~
configure:1293:67: warning: incompatible implicit declaration of built-in function 'exit'
configure:1289:1: note: include '<stdlib.h>' or provide a declaration of 'exit'
 1288 | #include <ctype.h>
  +++ |+#include <stdlib.h>
 1289 | #define ISLOWER(c) ('a' <= (c) && (c) <= 'z')
configure:1294:1: warning: incompatible implicit declaration of built-in function 'exit'
 1294 | exit (0); }
      | ^~~~
configure:1294:1: note: include '<stdlib.h>' or provide a declaration of 'exit'
configure:1325: checking for malloc.h
configure:1335: gcc -E  conftest.c >/dev/null 2>conftest.out
configure:1325: checking for strings.h
configure:1335: gcc -E  conftest.c >/dev/null 2>conftest.out
configure:1325: checking for unistd.h
configure:1335: gcc -E  conftest.c >/dev/null 2>conftest.out
configure:1364: checking for strdup
configure:1392: gcc -o conftest -g -O2   conftest.c  1>&5
configure:1376:6: warning: conflicting types for built-in function 'strdup'; expected 'char *(const char *)' [-Wbuiltin-declaration-mismatch]
 1376 | char $ac_func();
      |      ^~~~~~
configure:1364: checking for strstr
configure:1392: gcc -o conftest -g -O2   conftest.c  1>&5
configure:1376:6: warning: conflicting types for built-in function 'strstr'; expected 'char *(const char *, const char *)' [-Wbuiltin-declaration-mismatch]
 1376 | char $ac_func();
      |      ^~~~~~
configure:1373:1: note: 'strstr' is declared in header '<string.h>'
 1372 | #include <assert.h>
  +++ |+#include <string.h>
 1373 | /* Override any gcc2 internal prototype to avoid an error.  */
configure:1364: checking for strchr
configure:1392: gcc -o conftest -g -O2   conftest.c  1>&5
configure:1376:6: warning: conflicting types for built-in function 'strchr'; expected 'char *(const char *, int)' [-Wbuiltin-declaration-mismatch]
 1376 | char $ac_func();
      |      ^~~~~~
configure:1373:1: note: 'strchr' is declared in header '<string.h>'
 1372 | #include <assert.h>
  +++ |+#include <string.h>
 1373 | /* Override any gcc2 internal prototype to avoid an error.  */
configure:1364: checking for erand48
configure:1392: gcc -o conftest -g -O2   conftest.c  1>&5
configure:1364: checking for memset
configure:1392: gcc -o conftest -g -O2   conftest.c  1>&5
configure:1376:6: warning: conflicting types for built-in function 'memset'; expected 'void *(void *, int,  long unsigned int)' [-Wbuiltin-declaration-mismatch]
 1376 | char $ac_func();
      |      ^~~~~~
configure:1373:1: note: 'memset' is declared in header '<string.h>'
 1372 | #include <assert.h>
  +++ |+#include <string.h>
 1373 | /* Override any gcc2 internal prototype to avoid an error.  */
configure:1364: checking for srand48
configure:1392: gcc -o conftest -g -O2   conftest.c  1>&5
configure:1364: checking for lrand48
configure:1392: gcc -o conftest -g -O2   conftest.c  1>&5
